This file contains any messages produced by compilers while
running configure, to aid debugging if configure makes a mistake.

It was created by configure, which was
generated by GNU Autoconf 2.64.  Invocation command line was

  $ ../configure --prefix=/home/george/Documents/arm-elf/arm-elf --target=arm-elf --disable-threads --enable-interwork --enable-multilib --enable-languages=c,c++ --with-newlib --with-headers=/home/george/Documents/newlib-2.2.0/newlib/libc/include --enable-obsolete

## --------- ##
## Platform. ##
## --------- ##

hostname = ubuntu
uname -m = x86_64
uname -r = 3.19.0-15-generic
uname -s = Linux
uname -v = #15-Ubuntu SMP Thu Apr 16 23:32:37 UTC 2015

/usr/bin/uname -p = unknown
/bin/uname -X     = unknown

/bin/arch              = unknown
/usr/bin/arch -k       = unknown
/usr/convex/getsysinfo = unknown
/usr/bin/hostinfo      = unknown
/bin/machine           = unknown
/usr/bin/oslevel       = unknown
/bin/universe          = unknown

PATH: /usr/local/sbin
PATH: /usr/local/bin
PATH: /usr/sbin
PATH: /usr/bin
PATH: /sbin
PATH: /bin
PATH: /usr/games
PATH: /usr/local/games


## ----------- ##
## Core tests. ##
## ----------- ##

configure:2237: checking build system type
configure:2251: result: x86_64-unknown-linux-gnu
configure:2298: checking host system type
configure:2311: result: x86_64-unknown-linux-gnu
configure:2331: checking target system type
configure:2344: result: arm-unknown-elf
configure:2398: checking for a BSD-compatible install
configure:2466: result: /usr/bin/install -c
configure:2477: checking whether ln works
configure:2499: result: yes
configure:2503: checking whether ln -s works
configure:2507: result: yes
configure:2514: checking for a sed that does not truncate output
configure:2578: result: /bin/sed
configure:2587: checking for gawk
configure:2617: result: no
configure:2587: checking for mawk
configure:2603: found /usr/bin/mawk
configure:2614: result: mawk
configure:3070: checking for libitm support
configure:3076: result: no
configure:3776: checking for gcc
configure:3792: found /usr/bin/gcc
configure:3803: result: gcc
configure:4032: checking for C compiler version
configure:4041: gcc --version >&5
gcc (Ubuntu 4.9.2-10ubuntu13) 4.9.2
Copyright (C) 2014 Free Software Foundation, Inc.
This is free software; see the source for copying conditions.  There is NO
warranty; not even for MERCHANTABILITY or FITNESS FOR A PARTICULAR PURPOSE.

configure:4052: $? = 0
configure:4041: gcc -v >&5
Using built-in specs.
COLLECT_GCC=gcc
COLLECT_LTO_WRAPPER=/usr/lib/gcc/x86_64-linux-gnu/4.9/lto-wrapper
Target: x86_64-linux-gnu
Configured with: ../src/configure -v --with-pkgversion='Ubuntu 4.9.2-10ubuntu13' --with-bugurl=file:///usr/share/doc/gcc-4.9/README.Bugs --enable-languages=c,c++,java,go,d,fortran,objc,obj-c++ --prefix=/usr --program-suffix=-4.9 --enable-shared --enable-linker-build-id --libexecdir=/usr/lib --without-included-gettext --enable-threads=posix --with-gxx-include-dir=/usr/include/c++/4.9 --libdir=/usr/lib --enable-nls --with-sysroot=/ --enable-clocale=gnu --enable-libstdcxx-debug --enable-libstdcxx-time=yes --enable-gnu-unique-object --disable-vtable-verify --enable-plugin --with-system-zlib --disable-browser-plugin --enable-java-awt=gtk --enable-gtk-cairo --with-java-home=/usr/lib/jvm/java-1.5.0-gcj-4.9-amd64/jre --enable-java-home --with-jvm-root-dir=/usr/lib/jvm/java-1.5.0-gcj-4.9-amd64 --with-jvm-jar-dir=/usr/lib/jvm-exports/java-1.5.0-gcj-4.9-amd64 --with-arch-directory=amd64 --with-ecj-jar=/usr/share/java/eclipse-ecj.jar --enable-objc-gc --enable-multiarch --disable-werror --with-arch-32=i686 --with-abi=m64 --with-multilib-list=m32,m64,mx32 --enable-multilib --with-tune=generic --enable-checking=release --build=x86_64-linux-gnu --host=x86_64-linux-gnu --target=x86_64-linux-gnu
Thread model: posix
gcc version 4.9.2 (Ubuntu 4.9.2-10ubuntu13) 
configure:4052: $? = 0
configure:4041: gcc -V >&5
gcc: error: unrecognized command line option '-V'
gcc: fatal error: no input files
compilation terminated.
configure:4052: $? = 4
configure:4041: gcc -qversion >&5
gcc: error: unrecognized command line option '-qversion'
gcc: fatal error: no input files
compilation terminated.
configure:4052: $? = 4
configure:4072: checking for C compiler default output file name
configure:4094: gcc    conftest.c  >&5
configure:4098: $? = 0
configure:4135: result: a.out
configure:4151: checking whether the C compiler works
configure:4160: ./a.out
configure:4164: $? = 0
configure:4179: result: yes
configure:4186: checking whether we are cross compiling
configure:4188: result: no
configure:4191: checking for suffix of executables
configure:4198: gcc -o conftest    conftest.c  >&5
configure:4202: $? = 0
configure:4224: result: 
configure:4230: checking for suffix of object files
configure:4252: gcc -c   conftest.c >&5
configure:4256: $? = 0
configure:4277: result: o
configure:4281: checking whether we are using the GNU C compiler
configure:4300: gcc -c   conftest.c >&5
configure:4300: $? = 0
configure:4309: result: yes
configure:4318: checking whether gcc accepts -g
configure:4338: gcc -c -g  conftest.c >&5
configure:4338: $? = 0
configure:4379: result: yes
configure:4396: checking for gcc option to accept ISO C89
configure:4460: gcc  -c -g -O2  conftest.c >&5
configure:4460: $? = 0
configure:4473: result: none needed
configure:4551: checking for g++
configure:4567: found /usr/bin/g++
configure:4578: result: g++
configure:4605: checking for C++ compiler version
configure:4614: g++ --version >&5
g++ (Ubuntu 4.9.2-10ubuntu13) 4.9.2
Copyright (C) 2014 Free Software Foundation, Inc.
This is free software; see the source for copying conditions.  There is NO
warranty; not even for MERCHANTABILITY or FITNESS FOR A PARTICULAR PURPOSE.

configure:4625: $? = 0
configure:4614: g++ -v >&5
Using built-in specs.
COLLECT_GCC=g++
COLLECT_LTO_WRAPPER=/usr/lib/gcc/x86_64-linux-gnu/4.9/lto-wrapper
Target: x86_64-linux-gnu
Configured with: ../src/configure -v --with-pkgversion='Ubuntu 4.9.2-10ubuntu13' --with-bugurl=file:///usr/share/doc/gcc-4.9/README.Bugs --enable-languages=c,c++,java,go,d,fortran,objc,obj-c++ --prefix=/usr --program-suffix=-4.9 --enable-shared --enable-linker-build-id --libexecdir=/usr/lib --without-included-gettext --enable-threads=posix --with-gxx-include-dir=/usr/include/c++/4.9 --libdir=/usr/lib --enable-nls --with-sysroot=/ --enable-clocale=gnu --enable-libstdcxx-debug --enable-libstdcxx-time=yes --enable-gnu-unique-object --disable-vtable-verify --enable-plugin --with-system-zlib --disable-browser-plugin --enable-java-awt=gtk --enable-gtk-cairo --with-java-home=/usr/lib/jvm/java-1.5.0-gcj-4.9-amd64/jre --enable-java-home --with-jvm-root-dir=/usr/lib/jvm/java-1.5.0-gcj-4.9-amd64 --with-jvm-jar-dir=/usr/lib/jvm-exports/java-1.5.0-gcj-4.9-amd64 --with-arch-directory=amd64 --with-ecj-jar=/usr/share/java/eclipse-ecj.jar --enable-objc-gc --enable-multiarch --disable-werror --with-arch-32=i686 --with-abi=m64 --with-multilib-list=m32,m64,mx32 --enable-multilib --with-tune=generic --enable-checking=release --build=x86_64-linux-gnu --host=x86_64-linux-gnu --target=x86_64-linux-gnu
Thread model: posix
gcc version 4.9.2 (Ubuntu 4.9.2-10ubuntu13) 
configure:4625: $? = 0
configure:4614: g++ -V >&5
g++: error: unrecognized command line option '-V'
g++: fatal error: no input files
compilation terminated.
configure:4625: $? = 4
configure:4614: g++ -qversion >&5
g++: error: unrecognized command line option '-qversion'
g++: fatal error: no input files
compilation terminated.
configure:4625: $? = 4
configure:4629: checking whether we are using the GNU C++ compiler
configure:4648: g++ -c   conftest.cpp >&5
configure:4648: $? = 0
configure:4657: result: yes
configure:4666: checking whether g++ accepts -g
configure:4686: g++ -c -g  conftest.cpp >&5
configure:4686: $? = 0
configure:4727: result: yes
configure:4816: checking for gnatbind
configure:4846: result: no
configure:4908: checking for gnatmake
configure:4938: result: no
configure:4957: checking whether compiler driver understands Ada
configure:4980: result: no
configure:4989: checking how to compare bootstrapped objects
configure:5014: result: cmp --ignore-initial=16 $$f1 $$f2
configure:5086: checking for objdir
configure:5101: result: .libs
configure:5267: checking for the correct version of gmp.h
configure:5287: gcc -c -g -O2   conftest.c >&5
configure:5287: $? = 0
configure:5305: gcc -c -g -O2   conftest.c >&5
configure:5305: $? = 0
configure:5306: result: yes
configure:5322: checking for the correct version of mpfr.h
configure:5340: gcc -c -g -O2   conftest.c >&5
configure:5340: $? = 0
configure:5357: gcc -c -g -O2   conftest.c >&5
configure:5357: $? = 0
configure:5358: result: yes
configure:5375: checking for the correct version of mpc.h
configure:5392: gcc -c -g -O2   conftest.c >&5
configure:5392: $? = 0
configure:5408: gcc -c -g -O2   conftest.c >&5
configure:5408: $? = 0
configure:5409: result: yes
configure:5427: checking for the correct version of the gmp/mpfr/mpc libraries
configure:5458: gcc -o conftest -g -O2    conftest.c  -lmpc -lmpfr -lgmp >&5
configure:5458: $? = 0
configure:5459: result: yes
configure:5643: checking for PWL_handle_timeout in -lpwl
configure:5668: gcc -o conftest -g -O2   conftest.c -lpwl    -lstdc++ -lm >&5
/usr/bin/ld: cannot find -lpwl
collect2: error: ld returned 1 exit status
configure:5668: $? = 1
configure: failed program was:
| /* confdefs.h */
| #define PACKAGE_NAME ""
| #define PACKAGE_TARNAME ""
| #define PACKAGE_VERSION ""
| #define PACKAGE_STRING ""
| #define PACKAGE_BUGREPORT ""
| #define PACKAGE_URL ""
| #define LT_OBJDIR ".libs/"
| /* end confdefs.h.  */
| 
| /* Override any GCC internal prototype to avoid an error.
|    Use char because int might match the return type of a GCC
|    builtin and then its argument prototype would still apply.  */
| #ifdef __cplusplus
| extern "C"
| #endif
| char PWL_handle_timeout ();
| int
| main ()
| {
| return PWL_handle_timeout ();
|   ;
|   return 0;
| }
configure:5677: result: no
configure:5691: checking for version 0.11 (revision 0 or later) of PPL
configure:5708: gcc -c -g -O2    conftest.c >&5
conftest.c:10:19: fatal error: ppl_c.h: No such file or directory
 #include "ppl_c.h"
                   ^
compilation terminated.
configure:5708: $? = 1
configure: failed program was:
| /* confdefs.h */
| #define PACKAGE_NAME ""
| #define PACKAGE_TARNAME ""
| #define PACKAGE_VERSION ""
| #define PACKAGE_STRING ""
| #define PACKAGE_BUGREPORT ""
| #define PACKAGE_URL ""
| #define LT_OBJDIR ".libs/"
| /* end confdefs.h.  */
| #include "ppl_c.h"
| int
| main ()
| {
| 
|     #if PPL_VERSION_MAJOR != 0 || PPL_VERSION_MINOR < 11
|     choke me
|     #endif
| 
|   ;
|   return 0;
| }
configure:5712: result: no
